<?xml version="1.0" encoding="UTF-8"?>
<!-- Generated by org.testng.reporters.JUnitReportReporter -->
<testsuite hostname="JAI" failures="0" tests="1" name="TESTngpackage.NewFunc" time="10.050" errors="0" timestamp="2024-04-24T20:51:04 IST" skipped="0">
  <testcase classname="TESTngpackage.NewFunc" name="f" time="10.050"/>
  <system-out/>
</testsuite> <!-- TESTngpackage.NewFunc -->
