<?xml version="1.0" encoding="UTF-8"?>
<!-- Generated by org.testng.reporters.JUnitReportReporter -->
<testsuite hostname="JAI" failures="0" tests="1" name="Assignment01.Amazon_Login" time="5.593" errors="0" timestamp="2024-04-22T19:16:36 IST" skipped="0">
  <testcase classname="Assignment01.Amazon_Login" name="f" time="5.593"/>
  <system-out/>
</testsuite> <!-- Assignment01.Amazon_Login -->
