<?xml version="1.0" encoding="UTF-8"?>
<!-- Generated by org.testng.reporters.JUnitReportReporter -->
<testsuite hostname="JAI" failures="0" tests="1" name="TESTngpackage.NewFunc" time="4.304" errors="0" timestamp="2024-04-21T12:32:35 IST" skipped="0">
  <testcase classname="TESTngpackage.NewFunc" name="f" time="4.304"/>
  <system-out/>
</testsuite> <!-- TESTngpackage.NewFunc -->
